# JRE version: OpenJDK Runtime Environment (8.0_171-b11) (build 1.8.0_171-8u171-b11-0ubuntu0.18.04.1-b11)
# Java VM: OpenJDK 64-Bit Server VM (25.171-b11 mixed mode linux-amd64 compressed oops)
Heap:
 PSYoungGen      total 74752K, used 6862K [0x000000076cc00000, 0x0000000771f00000, 0x00000007c0000000)
  eden space 64512K, 2% used [0x000000076cc00000,0x000000076cd9e2a0,0x0000000770b00000)
  from space 10240K, 50% used [0x0000000771500000,0x0000000771a156e8,0x0000000771f00000)
  to   space 10240K, 0% used [0x0000000770b00000,0x0000000770b00000,0x0000000771500000)
 ParOldGen       total 171008K, used 40K [0x00000006c6400000, 0x00000006d0b00000, 0x000000076cc00000)
  object space 171008K, 0% used [0x00000006c6400000,0x00000006c640a000,0x00000006d0b00000)
 Metaspace       used 13693K, capacity 14060K, committed 14208K, reserved 1062912K
  class space    used 1552K, capacity 1657K, committed 1664K, reserved 1048576K
GC Heap History (8 events):
Event: 40,419 GC heap before
{Heap before GC invocations=1 (full 0):
 PSYoungGen      total 74752K, used 64512K [0x000000076cc00000, 0x0000000771f00000, 0x00000007c0000000)
  eden space 64512K, 100% used [0x000000076cc00000,0x0000000770b00000,0x0000000770b00000)
  from space 10240K, 0% used [0x0000000771500000,0x0000000771500000,0x0000000771f00000)
  to   space 10240K, 0% used [0x0000000770b00000,0x0000000770b00000,0x0000000771500000)
 ParOldGen       total 171008K, used 0K [0x00000006c6400000, 0x00000006d0b00000, 0x000000076cc00000)
  object space 171008K, 0% used [0x00000006c6400000,0x00000006c6400000,0x00000006d0b00000)
 Metaspace       used 12141K, capacity 12380K, committed 12544K, reserved 1060864K
  class space    used 1388K, capacity 1457K, committed 1536K, reserved 1048576K
Event: 40,424 GC heap after
Heap after GC invocations=1 (full 0):
 PSYoungGen      total 74752K, used 5218K [0x000000076cc00000, 0x0000000771f00000, 0x00000007c0000000)
  eden space 64512K, 0% used [0x000000076cc00000,0x000000076cc00000,0x0000000770b00000)
  from space 10240K, 50% used [0x0000000770b00000,0x0000000771018bd8,0x0000000771500000)
  to   space 10240K, 0% used [0x0000000771500000,0x0000000771500000,0x0000000771f00000)
 ParOldGen       total 171008K, used 16K [0x00000006c6400000, 0x00000006d0b00000, 0x000000076cc00000)
  object space 171008K, 0% used [0x00000006c6400000,0x00000006c6404000,0x00000006d0b00000)
 Metaspace       used 12141K, capacity 12380K, committed 12544K, reserved 1060864K
  class space    used 1388K, capacity 1457K, committed 1536K, reserved 1048576K
}
Event: 41,337 GC heap before
{Heap before GC invocations=2 (full 0):
 PSYoungGen      total 74752K, used 69730K [0x000000076cc00000, 0x0000000771f00000, 0x00000007c0000000)
  eden space 64512K, 100% used [0x000000076cc00000,0x0000000770b00000,0x0000000770b00000)
  from space 10240K, 50% used [0x0000000770b00000,0x0000000771018bd8,0x0000000771500000)
  to   space 10240K, 0% used [0x0000000771500000,0x0000000771500000,0x0000000771f00000)
 ParOldGen       total 171008K, used 16K [0x00000006c6400000, 0x00000006d0b00000, 0x000000076cc00000)
  object space 171008K, 0% used [0x00000006c6400000,0x00000006c6404000,0x00000006d0b00000)
 Metaspace       used 13524K, capacity 13868K, committed 13952K, reserved 1060864K
  class space    used 1548K, capacity 1657K, committed 1664K, reserved 1048576K
Event: 41,345 GC heap after
Heap after GC invocations=2 (full 0):
 PSYoungGen      total 74752K, used 7869K [0x000000076cc00000, 0x0000000771f00000, 0x00000007c0000000)
  eden space 64512K, 0% used [0x000000076cc00000,0x000000076cc00000,0x0000000770b00000)
  from space 10240K, 76% used [0x0000000771500000,0x0000000771caf508,0x0000000771f00000)
  to   space 10240K, 0% used [0x0000000770b00000,0x0000000770b00000,0x0000000771500000)
 ParOldGen       total 171008K, used 24K [0x00000006c6400000, 0x00000006d0b00000, 0x000000076cc00000)
  object space 171008K, 0% used [0x00000006c6400000,0x00000006c6406000,0x00000006d0b00000)
 Metaspace       used 13524K, capacity 13868K, committed 13952K, reserved 1060864K
  class space    used 1548K, capacity 1657K, committed 1664K, reserved 1048576K
}
Event: 42,234 GC heap before
{Heap before GC invocations=3 (full 0):
 PSYoungGen      total 74752K, used 72377K [0x000000076cc00000, 0x0000000771f00000, 0x00000007c0000000)
  eden space 64512K, 99% used [0x000000076cc00000,0x0000000770aff078,0x0000000770b00000)
  from space 10240K, 76% used [0x0000000771500000,0x0000000771caf508,0x0000000771f00000)
  to   space 10240K, 0% used [0x0000000770b00000,0x0000000770b00000,0x0000000771500000)
 ParOldGen       total 171008K, used 24K [0x00000006c6400000, 0x00000006d0b00000, 0x000000076cc00000)
  object space 171008K, 0% used [0x00000006c6400000,0x00000006c6406000,0x00000006d0b00000)
 Metaspace       used 13581K, capacity 13932K, committed 13952K, reserved 1060864K
  class space    used 1548K, capacity 1657K, committed 1664K, reserved 1048576K
Event: 42,242 GC heap after
Heap after GC invocations=3 (full 0):
 PSYoungGen      total 74752K, used 7725K [0x000000076cc00000, 0x0000000771f00000, 0x00000007c0000000)
  eden space 64512K, 0% used [0x000000076cc00000,0x000000076cc00000,0x0000000770b00000)
  from space 10240K, 75% used [0x0000000770b00000,0x000000077128b5b8,0x0000000771500000)
  to   space 10240K, 0% used [0x0000000771500000,0x0000000771500000,0x0000000771f00000)
 ParOldGen       total 171008K, used 32K [0x00000006c6400000, 0x00000006d0b00000, 0x000000076cc00000)
  object space 171008K, 0% used [0x00000006c6400000,0x00000006c6408000,0x00000006d0b00000)
 Metaspace       used 13581K, capacity 13932K, committed 13952K, reserved 1060864K
  class space    used 1548K, capacity 1657K, committed 1664K, reserved 1048576K
}
Event: 43,372 GC heap before
{Heap before GC invocations=4 (full 0):
 PSYoungGen      total 74752K, used 72237K [0x000000076cc00000, 0x0000000771f00000, 0x00000007c0000000)
  eden space 64512K, 100% used [0x000000076cc00000,0x0000000770b00000,0x0000000770b00000)
  from space 10240K, 75% used [0x0000000770b00000,0x000000077128b5b8,0x0000000771500000)
  to   space 10240K, 0% used [0x0000000771500000,0x0000000771500000,0x0000000771f00000)
 ParOldGen       total 171008K, used 32K [0x00000006c6400000, 0x00000006d0b00000, 0x000000076cc00000)
  object space 171008K, 0% used [0x00000006c6400000,0x00000006c6408000,0x00000006d0b00000)
 Metaspace       used 13679K, capacity 14060K, committed 14208K, reserved 1062912K
  class space    used 1549K, capacity 1657K, committed 1664K, reserved 1048576K
Event: 43,376 GC heap after
Heap after GC invocations=4 (full 0):
 PSYoungGen      total 74752K, used 5205K [0x000000076cc00000, 0x0000000771f00000, 0x00000007c0000000)
  eden space 64512K, 0% used [0x000000076cc00000,0x000000076cc00000,0x0000000770b00000)
  from space 10240K, 50% used [0x0000000771500000,0x0000000771a156e8,0x0000000771f00000)
  to   space 10240K, 0% used [0x0000000770b00000,0x0000000770b00000,0x0000000771500000)
 ParOldGen       total 171008K, used 40K [0x00000006c6400000, 0x00000006d0b00000, 0x000000076cc00000)
  object space 171008K, 0% used [0x00000006c6400000,0x00000006c640a000,0x00000006d0b00000)
 Metaspace       used 13679K, capacity 14060K, committed 14208K, reserved 1062912K
  class space    used 1549K, capacity 1657K, committed 1664K, reserved 1048576K
}

