# JRE version: OpenJDK Runtime Environment (8.0_171-b11) (build 1.8.0_171-8u171-b11-0ubuntu0.18.04.1-b11)
# Java VM: OpenJDK 64-Bit Server VM (25.171-b11 mixed mode linux-amd64 compressed oops)
Heap:
 PSYoungGen      total 74752K, used 31115K [0x000000076cc00000, 0x0000000771f00000, 0x00000007c0000000)
  eden space 64512K, 32% used [0x000000076cc00000,0x000000076e0683d8,0x0000000770b00000)
  from space 10240K, 99% used [0x0000000771500000,0x0000000771efaa28,0x0000000771f00000)
  to   space 10240K, 0% used [0x0000000770b00000,0x0000000770b00000,0x0000000771500000)
 ParOldGen       total 171008K, used 44729K [0x00000006c6400000, 0x00000006d0b00000, 0x000000076cc00000)
  object space 171008K, 26% used [0x00000006c6400000,0x00000006c8fae6c8,0x00000006d0b00000)
 Metaspace       used 13515K, capacity 13910K, committed 14080K, reserved 1060864K
  class space    used 1574K, capacity 1731K, committed 1792K, reserved 1048576K
GC Heap History (4 events):
Event: 4,868 GC heap before
{Heap before GC invocations=1 (full 0):
 PSYoungGen      total 74752K, used 58460K [0x000000076cc00000, 0x0000000771f00000, 0x00000007c0000000)
  eden space 64512K, 90% used [0x000000076cc00000,0x00000007705173f8,0x0000000770b00000)
  from space 10240K, 0% used [0x0000000771500000,0x0000000771500000,0x0000000771f00000)
  to   space 10240K, 0% used [0x0000000770b00000,0x0000000770b00000,0x0000000771500000)
 ParOldGen       total 171008K, used 0K [0x00000006c6400000, 0x00000006d0b00000, 0x000000076cc00000)
  object space 171008K, 0% used [0x00000006c6400000,0x00000006c6400000,0x00000006d0b00000)
 Metaspace       used 11702K, capacity 12008K, committed 12288K, reserved 1060864K
  class space    used 1334K, capacity 1462K, committed 1536K, reserved 1048576K
Event: 4,875 GC heap after
Heap after GC invocations=1 (full 0):
 PSYoungGen      total 74752K, used 10211K [0x000000076cc00000, 0x0000000771f00000, 0x00000007c0000000)
  eden space 64512K, 0% used [0x000000076cc00000,0x000000076cc00000,0x0000000770b00000)
  from space 10240K, 99% used [0x0000000770b00000,0x00000007714f8f30,0x0000000771500000)
  to   space 10240K, 0% used [0x0000000771500000,0x0000000771500000,0x0000000771f00000)
 ParOldGen       total 171008K, used 14254K [0x00000006c6400000, 0x00000006d0b00000, 0x000000076cc00000)
  object space 171008K, 8% used [0x00000006c6400000,0x00000006c71eb898,0x00000006d0b00000)
 Metaspace       used 11702K, capacity 12008K, committed 12288K, reserved 1060864K
  class space    used 1334K, capacity 1462K, committed 1536K, reserved 1048576K
}
Event: 5,866 GC heap before
{Heap before GC invocations=2 (full 0):
 PSYoungGen      total 74752K, used 74723K [0x000000076cc00000, 0x0000000771f00000, 0x00000007c0000000)
  eden space 64512K, 99% used [0x000000076cc00000,0x0000000770affe40,0x0000000770b00000)
  from space 10240K, 99% used [0x0000000770b00000,0x00000007714f8f30,0x0000000771500000)
  to   space 10240K, 0% used [0x0000000771500000,0x0000000771500000,0x0000000771f00000)
 ParOldGen       total 171008K, used 14254K [0x00000006c6400000, 0x00000006d0b00000, 0x000000076cc00000)
  object space 171008K, 8% used [0x00000006c6400000,0x00000006c71eb898,0x00000006d0b00000)
 Metaspace       used 13511K, capacity 13910K, committed 14080K, reserved 1060864K
  class space    used 1574K, capacity 1731K, committed 1792K, reserved 1048576K
Event: 5,877 GC heap after
Heap after GC invocations=2 (full 0):
 PSYoungGen      total 74752K, used 10218K [0x000000076cc00000, 0x0000000771f00000, 0x00000007c0000000)
  eden space 64512K, 0% used [0x000000076cc00000,0x000000076cc00000,0x0000000770b00000)
  from space 10240K, 99% used [0x0000000771500000,0x0000000771efaa28,0x0000000771f00000)
  to   space 10240K, 0% used [0x0000000770b00000,0x0000000770b00000,0x0000000771500000)
 ParOldGen       total 171008K, used 44729K [0x00000006c6400000, 0x00000006d0b00000, 0x000000076cc00000)
  object space 171008K, 26% used [0x00000006c6400000,0x00000006c8fae6c8,0x00000006d0b00000)
 Metaspace       used 13511K, capacity 13910K, committed 14080K, reserved 1060864K
  class space    used 1574K, capacity 1731K, committed 1792K, reserved 1048576K
}

